<?xml version="1.0" encoding="UTF-8"?>
<testsuite xmlns:xsi="http://www.w3.org/2001/XMLSchema-instance" xsi:noNamespaceSchemaLocation="https://maven.apache.org/surefire/maven-surefire-plugin/xsd/surefire-test-report-3.0.xsd" version="3.0" name="foo.HelloAppEngineTest(sponge_log)" time="0.083" tests="1" errors="0" skipped="0" failures="0">
  <properties>
    <property name="sun.desktop" value="windows"/>
    <property name="awt.toolkit" value="sun.awt.windows.WToolkit"/>
    <property name="java.specification.version" value="11"/>
    <property name="sun.cpu.isalist" value="amd64"/>
    <property name="sun.jnu.encoding" value="Cp1252"/>
    <property name="java.class.path" value="C:\LocalDocuments\GCP\m1-google-cloud\webandcloud\target\test-classes;C:\LocalDocuments\GCP\m1-google-cloud\webandcloud\target\WebAndCloud-1.0-SNAPSHOT\WEB-INF\classes;C:\Users\matpr\.m2\repository\com\google\endpoints\endpoints-framework\2.2.1\endpoints-framework-2.2.1.jar;C:\Users\matpr\.m2\repository\com\google\guava\guava\20.0\guava-20.0.jar;C:\Users\matpr\.m2\repository\com\fasterxml\jackson\core\jackson-annotations\2.9.6\jackson-annotations-2.9.6.jar;C:\Users\matpr\.m2\repository\com\fasterxml\jackson\core\jackson-core\2.9.6\jackson-core-2.9.6.jar;C:\Users\matpr\.m2\repository\com\fasterxml\jackson\core\jackson-databind\2.9.6\jackson-databind-2.9.6.jar;C:\Users\matpr\.m2\repository\com\google\flogger\flogger\0.3.1\flogger-0.3.1.jar;C:\Users\matpr\.m2\repository\com\google\http-client\google-http-client-jackson2\1.25.0\google-http-client-jackson2-1.25.0.jar;C:\Users\matpr\.m2\repository\com\google\http-client\google-http-client\1.25.0\google-http-client-1.25.0.jar;C:\Users\matpr\.m2\repository\org\apache\httpcomponents\httpclient\4.5.5\httpclient-4.5.5.jar;C:\Users\matpr\.m2\repository\org\apache\httpcomponents\httpcore\4.4.9\httpcore-4.4.9.jar;C:\Users\matpr\.m2\repository\commons-logging\commons-logging\1.2\commons-logging-1.2.jar;C:\Users\matpr\.m2\repository\commons-codec\commons-codec\1.10\commons-codec-1.10.jar;C:\Users\matpr\.m2\repository\com\google\j2objc\j2objc-annotations\1.1\j2objc-annotations-1.1.jar;C:\Users\matpr\.m2\repository\com\google\api-client\google-api-client\1.25.0\google-api-client-1.25.0.jar;C:\Users\matpr\.m2\repository\com\google\oauth-client\google-oauth-client\1.25.0\google-oauth-client-1.25.0.jar;C:\Users\matpr\.m2\repository\com\google\api-client\google-api-client-appengine\1.25.0\google-api-client-appengine-1.25.0.jar;C:\Users\matpr\.m2\repository\com\google\oauth-client\google-oauth-client-appengine\1.25.0\google-oauth-client-appengine-1.25.0.jar;C:\Users\matpr\.m2\repository\com\google\oauth-client\google-oauth-client-servlet\1.25.0\google-oauth-client-servlet-1.25.0.jar;C:\Users\matpr\.m2\repository\com\google\http-client\google-http-client-jdo\1.25.0\google-http-client-jdo-1.25.0.jar;C:\Users\matpr\.m2\repository\com\google\api-client\google-api-client-servlet\1.25.0\google-api-client-servlet-1.25.0.jar;C:\Users\matpr\.m2\repository\javax\servlet\servlet-api\2.5\servlet-api-2.5.jar;C:\Users\matpr\.m2\repository\javax\jdo\jdo2-api\2.3-eb\jdo2-api-2.3-eb.jar;C:\Users\matpr\.m2\repository\javax\transaction\transaction-api\1.1\transaction-api-1.1.jar;C:\Users\matpr\.m2\repository\com\google\http-client\google-http-client-appengine\1.25.0\google-http-client-appengine-1.25.0.jar;C:\Users\matpr\.m2\repository\com\google\code\findbugs\jsr305\3.0.1\jsr305-3.0.1.jar;C:\Users\matpr\.m2\repository\commons-fileupload\commons-fileupload\1.3.3\commons-fileupload-1.3.3.jar;C:\Users\matpr\.m2\repository\commons-io\commons-io\2.2\commons-io-2.2.jar;C:\Users\matpr\.m2\repository\io\swagger\swagger-models\1.5.9\swagger-models-1.5.9.jar;C:\Users\matpr\.m2\repository\org\slf4j\slf4j-api\1.6.3\slf4j-api-1.6.3.jar;C:\Users\matpr\.m2\repository\io\swagger\swagger-annotations\1.5.9\swagger-annotations-1.5.9.jar;C:\Users\matpr\.m2\repository\io\swagger\swagger-core\1.5.9\swagger-core-1.5.9.jar;C:\Users\matpr\.m2\repository\org\apache\commons\commons-lang3\3.2.1\commons-lang3-3.2.1.jar;C:\Users\matpr\.m2\repository\com\fasterxml\jackson\datatype\jackson-datatype-joda\2.4.5\jackson-datatype-joda-2.4.5.jar;C:\Users\matpr\.m2\repository\joda-time\joda-time\2.2\joda-time-2.2.jar;C:\Users\matpr\.m2\repository\com\fasterxml\jackson\dataformat\jackson-dataformat-yaml\2.4.5\jackson-dataformat-yaml-2.4.5.jar;C:\Users\matpr\.m2\repository\org\yaml\snakeyaml\1.12\snakeyaml-1.12.jar;C:\Users\matpr\.m2\repository\javax\validation\validation-api\1.1.0.Final\validation-api-1.1.0.Final.jar;C:\Users\matpr\.m2\repository\org\slf4j\slf4j-nop\1.7.21\slf4j-nop-1.7.21.jar;C:\Users\matpr\.m2\repository\com\google\flogger\flogger-system-backend\0.3.1\flogger-system-backend-0.3.1.jar;C:\Users\matpr\.m2\repository\com\google\endpoints\endpoints-management-control-appengine-all\1.0.12\endpoints-management-control-appengine-all-1.0.12.jar;C:\Users\matpr\.m2\repository\com\google\appengine\appengine-api-1.0-sdk\1.9.79\appengine-api-1.0-sdk-1.9.79.jar;C:\Users\matpr\.m2\repository\javax\servlet\javax.servlet-api\3.1.0\javax.servlet-api-3.1.0.jar;C:\Users\matpr\.m2\repository\javax\inject\javax.inject\1\javax.inject-1.jar;C:\Users\matpr\.m2\repository\junit\junit\4.13\junit-4.13.jar;C:\Users\matpr\.m2\repository\org\hamcrest\hamcrest-core\1.3\hamcrest-core-1.3.jar;"/>
    <property name="java.vm.vendor" value="Oracle Corporation"/>
    <property name="sun.arch.data.model" value="64"/>
    <property name="user.variant" value=""/>
    <property name="java.vendor.url" value="https://openjdk.java.net/"/>
    <property name="user.timezone" value="Europe/Paris"/>
    <property name="user.country.format" value="FR"/>
    <property name="java.vm.specification.version" value="11"/>
    <property name="os.name" value="Windows 10"/>
    <property name="sun.java.launcher" value="SUN_STANDARD"/>
    <property name="user.country" value="US"/>
    <property name="sun.boot.library.path" value="C:\Program Files\Java\jdk-11.0.12\bin"/>
    <property name="sun.java.command" value="C:\Users\matpr\AppData\Local\Temp\surefire11431401552792878015\surefirebooter2828932655091321470.jar C:\Users\matpr\AppData\Local\Temp\surefire11431401552792878015 2021-11-25T16-25-30_235-jvmRun1 surefire5471456923663127966tmp surefire_014846368646375922589tmp"/>
    <property name="jdk.debug" value="release"/>
    <property name="surefire.test.class.path" value="C:\LocalDocuments\GCP\m1-google-cloud\webandcloud\target\test-classes;C:\LocalDocuments\GCP\m1-google-cloud\webandcloud\target\WebAndCloud-1.0-SNAPSHOT\WEB-INF\classes;C:\Users\matpr\.m2\repository\com\google\endpoints\endpoints-framework\2.2.1\endpoints-framework-2.2.1.jar;C:\Users\matpr\.m2\repository\com\google\guava\guava\20.0\guava-20.0.jar;C:\Users\matpr\.m2\repository\com\fasterxml\jackson\core\jackson-annotations\2.9.6\jackson-annotations-2.9.6.jar;C:\Users\matpr\.m2\repository\com\fasterxml\jackson\core\jackson-core\2.9.6\jackson-core-2.9.6.jar;C:\Users\matpr\.m2\repository\com\fasterxml\jackson\core\jackson-databind\2.9.6\jackson-databind-2.9.6.jar;C:\Users\matpr\.m2\repository\com\google\flogger\flogger\0.3.1\flogger-0.3.1.jar;C:\Users\matpr\.m2\repository\com\google\http-client\google-http-client-jackson2\1.25.0\google-http-client-jackson2-1.25.0.jar;C:\Users\matpr\.m2\repository\com\google\http-client\google-http-client\1.25.0\google-http-client-1.25.0.jar;C:\Users\matpr\.m2\repository\org\apache\httpcomponents\httpclient\4.5.5\httpclient-4.5.5.jar;C:\Users\matpr\.m2\repository\org\apache\httpcomponents\httpcore\4.4.9\httpcore-4.4.9.jar;C:\Users\matpr\.m2\repository\commons-logging\commons-logging\1.2\commons-logging-1.2.jar;C:\Users\matpr\.m2\repository\commons-codec\commons-codec\1.10\commons-codec-1.10.jar;C:\Users\matpr\.m2\repository\com\google\j2objc\j2objc-annotations\1.1\j2objc-annotations-1.1.jar;C:\Users\matpr\.m2\repository\com\google\api-client\google-api-client\1.25.0\google-api-client-1.25.0.jar;C:\Users\matpr\.m2\repository\com\google\oauth-client\google-oauth-client\1.25.0\google-oauth-client-1.25.0.jar;C:\Users\matpr\.m2\repository\com\google\api-client\google-api-client-appengine\1.25.0\google-api-client-appengine-1.25.0.jar;C:\Users\matpr\.m2\repository\com\google\oauth-client\google-oauth-client-appengine\1.25.0\google-oauth-client-appengine-1.25.0.jar;C:\Users\matpr\.m2\repository\com\google\oauth-client\google-oauth-client-servlet\1.25.0\google-oauth-client-servlet-1.25.0.jar;C:\Users\matpr\.m2\repository\com\google\http-client\google-http-client-jdo\1.25.0\google-http-client-jdo-1.25.0.jar;C:\Users\matpr\.m2\repository\com\google\api-client\google-api-client-servlet\1.25.0\google-api-client-servlet-1.25.0.jar;C:\Users\matpr\.m2\repository\javax\servlet\servlet-api\2.5\servlet-api-2.5.jar;C:\Users\matpr\.m2\repository\javax\jdo\jdo2-api\2.3-eb\jdo2-api-2.3-eb.jar;C:\Users\matpr\.m2\repository\javax\transaction\transaction-api\1.1\transaction-api-1.1.jar;C:\Users\matpr\.m2\repository\com\google\http-client\google-http-client-appengine\1.25.0\google-http-client-appengine-1.25.0.jar;C:\Users\matpr\.m2\repository\com\google\code\findbugs\jsr305\3.0.1\jsr305-3.0.1.jar;C:\Users\matpr\.m2\repository\commons-fileupload\commons-fileupload\1.3.3\commons-fileupload-1.3.3.jar;C:\Users\matpr\.m2\repository\commons-io\commons-io\2.2\commons-io-2.2.jar;C:\Users\matpr\.m2\repository\io\swagger\swagger-models\1.5.9\swagger-models-1.5.9.jar;C:\Users\matpr\.m2\repository\org\slf4j\slf4j-api\1.6.3\slf4j-api-1.6.3.jar;C:\Users\matpr\.m2\repository\io\swagger\swagger-annotations\1.5.9\swagger-annotations-1.5.9.jar;C:\Users\matpr\.m2\repository\io\swagger\swagger-core\1.5.9\swagger-core-1.5.9.jar;C:\Users\matpr\.m2\repository\org\apache\commons\commons-lang3\3.2.1\commons-lang3-3.2.1.jar;C:\Users\matpr\.m2\repository\com\fasterxml\jackson\datatype\jackson-datatype-joda\2.4.5\jackson-datatype-joda-2.4.5.jar;C:\Users\matpr\.m2\repository\joda-time\joda-time\2.2\joda-time-2.2.jar;C:\Users\matpr\.m2\repository\com\fasterxml\jackson\dataformat\jackson-dataformat-yaml\2.4.5\jackson-dataformat-yaml-2.4.5.jar;C:\Users\matpr\.m2\repository\org\yaml\snakeyaml\1.12\snakeyaml-1.12.jar;C:\Users\matpr\.m2\repository\javax\validation\validation-api\1.1.0.Final\validation-api-1.1.0.Final.jar;C:\Users\matpr\.m2\repository\org\slf4j\slf4j-nop\1.7.21\slf4j-nop-1.7.21.jar;C:\Users\matpr\.m2\repository\com\google\flogger\flogger-system-backend\0.3.1\flogger-system-backend-0.3.1.jar;C:\Users\matpr\.m2\repository\com\google\endpoints\endpoints-management-control-appengine-all\1.0.12\endpoints-management-control-appengine-all-1.0.12.jar;C:\Users\matpr\.m2\repository\com\google\appengine\appengine-api-1.0-sdk\1.9.79\appengine-api-1.0-sdk-1.9.79.jar;C:\Users\matpr\.m2\repository\javax\servlet\javax.servlet-api\3.1.0\javax.servlet-api-3.1.0.jar;C:\Users\matpr\.m2\repository\javax\inject\javax.inject\1\javax.inject-1.jar;C:\Users\matpr\.m2\repository\junit\junit\4.13\junit-4.13.jar;C:\Users\matpr\.m2\repository\org\hamcrest\hamcrest-core\1.3\hamcrest-core-1.3.jar;"/>
    <property name="sun.cpu.endian" value="little"/>
    <property name="user.home" value="C:\Users\matpr"/>
    <property name="user.language" value="en"/>
    <property name="java.specification.vendor" value="Oracle Corporation"/>
    <property name="java.version.date" value="2021-07-20"/>
    <property name="java.home" value="C:\Program Files\Java\jdk-11.0.12"/>
    <property name="file.separator" value="\"/>
    <property name="basedir" value="C:\LocalDocuments\GCP\m1-google-cloud\webandcloud"/>
    <property name="java.vm.compressedOopsMode" value="Zero based"/>
    <property name="line.separator" value="&#10;"/>
    <property name="java.specification.name" value="Java Platform API Specification"/>
    <property name="java.vm.specification.vendor" value="Oracle Corporation"/>
    <property name="java.awt.graphicsenv" value="sun.awt.Win32GraphicsEnvironment"/>
    <property name="surefire.real.class.path" value="C:\Users\matpr\AppData\Local\Temp\surefire11431401552792878015\surefirebooter2828932655091321470.jar"/>
    <property name="user.script" value=""/>
    <property name="sun.management.compiler" value="HotSpot 64-Bit Tiered Compilers"/>
    <property name="java.runtime.version" value="11.0.12+8-LTS-237"/>
    <property name="user.name" value="matpr"/>
    <property name="path.separator" value=";"/>
    <property name="os.version" value="10.0"/>
    <property name="java.runtime.name" value="Java(TM) SE Runtime Environment"/>
    <property name="file.encoding" value="Cp1252"/>
    <property name="java.vm.name" value="Java HotSpot(TM) 64-Bit Server VM"/>
    <property name="java.vendor.version" value="18.9"/>
    <property name="localRepository" value="C:\Users\matpr\.m2\repository"/>
    <property name="java.vendor.url.bug" value="https://bugreport.java.com/bugreport/"/>
    <property name="java.io.tmpdir" value="C:\Users\matpr\AppData\Local\Temp\"/>
    <property name="java.version" value="11.0.12"/>
    <property name="user.dir" value="C:\LocalDocuments\GCP\m1-google-cloud\webandcloud"/>
    <property name="os.arch" value="amd64"/>
    <property name="java.vm.specification.name" value="Java Virtual Machine Specification"/>
    <property name="java.awt.printerjob" value="sun.awt.windows.WPrinterJob"/>
    <property name="user.language.format" value="fr"/>
    <property name="sun.os.patch.level" value=""/>
    <property name="java.library.path" value="C:\Program Files\Java\jdk-11.0.12\bin;C:\Windows\Sun\Java\bin;C:\Windows\system32;C:\Windows;C:\Program Files (x86)\Google\Cloud SDK\google-cloud-sdk\bin;C:\Program Files\Common Files\Oracle\Java\javapath;C:\Program Files (x86)\Common Files\Oracle\Java\javapath;C:\Windows\system32;C:\Windows;C:\Windows\System32\Wbem;C:\Windows\System32\WindowsPowerShell\v1.0\;C:\Windows\System32\OpenSSH\;D:\Program Files\Git\cmd;C:\Program Files\NVIDIA Corporation\NVIDIA NvDLISR;D:\Program Files\WinSCP\;C:\Program Files\dotnet\;C:\Program Files (x86)\NVIDIA Corporation\PhysX\Common;C:\Program Files\apache-maven-3.8.3\bin;C:\Program Files\Microsoft SQL Server\130\Tools\Binn\;C:\Program Files\Microsoft SQL Server\Client SDK\ODBC\170\Tools\Binn\;C:\Users\matpr\AppData\Local\Packages\PythonSoftwareFoundation.Python.3.9_qbz5n2kfra8p0\LocalCache\local-packages\Python39\Scripts;C:\Program Files\Docker\Docker\resources\bin;C:\ProgramData\DockerDesktop\version-bin;C:\Program Files (x86)\Google\Cloud SDK\google-cloud-sdk\bin;C:\Program Files\Java\jdk-11.0.12\bin;C:\Users\matpr\AppData\Local\Microsoft\WindowsApps;D:\Program Files\Microsoft VS Code\bin;D:\Program Files\IntelliJ IDEA Community Edition 2021.2.2\bin;C:\Users\matpr\.dotnet\tools;C:\Users\matpr\AppData\Local\GitHubDesktop\bin;C:\Program Files\heroku\bin;C:\Program Files\JetBrains\Rider for Unreal Engine 2021.2.1\bin;;;."/>
    <property name="java.vendor" value="Oracle Corporation"/>
    <property name="java.vm.info" value="mixed mode"/>
    <property name="java.vm.version" value="11.0.12+8-LTS-237"/>
    <property name="sun.io.unicode.encoding" value="UnicodeLittle"/>
    <property name="java.class.version" value="55.0"/>
  </properties>
  <testcase name="test" classname="foo.HelloAppEngineTest(sponge_log)" time="0.022"/>
</testsuite>